{"level":"error","message":"status: 404 - El Valor o Formato del ObjectId del Documento Product es Inválido, verifique el formato del mismo y que exista dentro de la colección de la base de datos - 2023-10-07T20:13:13.896Z"}
{"level":"error","message":"status: 404 - El Valor o Formato del ObjectId del Documento Product es Inválido, verifique el formato del mismo y que exista dentro de la colección de la base de datos - 2023-10-07T20:24:40.855Z"}
[31merror[39m: status: 404 - El Valor o Formato del ObjectId del Documento Product es Inválido, verifique el formato del mismo y que exista dentro de la colección de la base de datos - 2023-10-07T21:40:45.446Z
[31merror[39m: status: 404 - El Valor o Formato del ObjectId del Documento Product es Inválido, verifique el formato del mismo y que exista dentro de la colección de la base de datos - 2023-10-07T21:43:30.759Z
{"level":"error","message":"status: 404 - El Valor o Formato del ObjectId del Documento Product es Inválido, verifique el formato del mismo y que exista dentro de la colección de la base de datos - 2023-10-07T21:44:40.175Z"}
error: status: 404 - El Valor o Formato del ObjectId del Documento Product es Inválido, verifique el formato del mismo y que exista dentro de la colección de la base de datos - 2023-10-07T21:46:08.750Z
error:  PRODUCTION LOGGER ACTION: ERROR [GET] - /loggerstest/error at 2023-10-12T13:25:20.349Z
error:  PRODUCTION LOGGER ACTION: ERROR [GET] - /loggerstest/error at 2023-10-12T13:25:53.397Z
error:  PRODUCTION LOGGER ACTION: ERROR [GET] - /loggerstest/error at 2023-10-12T13:45:03.552Z
error:  PRODUCTION LOGGER ACTION: ERROR [GET] - /loggerstest/error at 2023-10-12T13:45:19.502Z
error:  PRODUCTION LOGGER ACTION: ERROR [GET] - /loggerstest/error at 2023-10-12T13:46:14.774Z
error: Nuevo Cliente Conectado - Socket -> -I8kfl2daZOQskCBAAAB
error: Nuevo Cliente Conectado - Socket -> ASOTI52N1kJxFY2rAAAB
error: Nuevo Cliente Conectado - Socket -> GPG1KpOF55Bgur-wAAAB
error: Nuevo Cliente Conectado - Socket -> lDV48geLFipEuOVvAAAD
error: Nuevo Cliente Conectado - Socket -> c3FMfyrvJJkC2UKeAAAF
error: Nuevo Cliente Conectado - Socket -> WVhoGNTAuROsQI7kAAAH
error: Nuevo Cliente Conectado - Socket -> e4MbXbbTIVIbi2UaAAAB
error: Nuevo Cliente Conectado - Socket -> JSUwc4BlVeYOxOf9AAAD
error: Nuevo Cliente Conectado - Socket -> TguHuk6VAFPDcn_bAAAF
error: Nuevo Cliente Conectado - Socket -> 5b4o2f5sDAre0oYxAAAH
error: Nuevo Cliente Conectado - Socket -> lVKM7F74voroEvaoAAAJ
error: Nuevo Cliente Conectado - Socket -> ch4uTwhwTl9oZHFnAAAB
error: Nuevo Cliente Conectado - Socket -> zBqtX2fY7SgYEn_bAAAB
error: Nuevo Cliente Conectado - Socket -> qjjoaFotHc7zyPs3AAAD
error: Nuevo Cliente Conectado - Socket -> S6K9XTyPkIO4dlY-AAAF
error: Nuevo Cliente Conectado - Socket -> 9kfKTAcINZwBlGB7AAAB
error: Nuevo Cliente Conectado - Socket -> AhDm0peflnl5MzizAAAB
error: Nuevo Cliente Conectado - Socket -> 9A45FHM37jGYBdSRAAAD
error: Nuevo Cliente Conectado - Socket -> Mo0dZDUIB0R4rv-FAAAB
error: Nuevo Cliente Conectado - Socket -> pfTGpdO2Z3URkOq3AAAB
error: Nuevo Cliente Conectado - Socket -> nPwIcEyUrODjbspiAAAB
error: Nuevo Cliente Conectado - Socket -> jH9HvMQv4760QuV-AAAB
error: Nuevo Cliente Conectado - Socket -> jHsdw_gFaAGWv8G-AAAB
error: Nuevo Cliente Conectado - Socket -> l1irpH2ehWlmqtUuAAAD
error: Nuevo Cliente Conectado - Socket -> 4yFVJo_6Mxjxv5TRAAAB
error: Nuevo Cliente Conectado - Socket -> PoXjBCdjusHRhpZZAAAB
error: Nuevo Cliente Conectado - Socket -> oevFcNWVBTWlJpHXAAAD
error: Nuevo Cliente Conectado - Socket -> NtOJn7cFPH7JldDaAAAB
error: Nuevo Cliente Conectado - Socket -> s41PnoB08ag6K0DEAAAB
error: Nuevo Cliente Conectado - Socket -> v6vyDtgXnackClOmAAAB
error: Nuevo Cliente Conectado - Socket -> HnTrDgsjtrjFsxOnAAAB
error: Nuevo Cliente Conectado - Socket -> a-cX2aJ_3uKW2ltyAAAB
error: Nuevo Cliente Conectado - Socket -> fLKBvTrYqBELhMpYAAAB
error: Nuevo Cliente Conectado - Socket -> AqOLcyTPzC_fP7KeAAAB
error: Nuevo Cliente Conectado - Socket -> FQlj_YuK-mNQpHmAAAAB
error: Nuevo Cliente Conectado - Socket -> n5tYPDOoKLb0QiS9AAAB
error: Nuevo Cliente Conectado - Socket -> zGuVV7OP2vydwDwvAAAB
error: Nuevo Cliente Conectado - Socket -> u1IxtNSHyv_2bU4WAAAB
error: Nuevo Cliente Conectado - Socket -> J6ST2Qigb592rHB5AAAD
error: Nuevo Cliente Conectado - Socket -> o6sOyGypmZl0ptmTAAAF
error: Nuevo Cliente Conectado - Socket -> c6pg9GyahRMuCfeGAAAH
error: Nuevo Cliente Conectado - Socket -> am5w5uhPJRWjEnJ_AAAJ
error: Nuevo Cliente Conectado - Socket -> Cojo9RDxM_nUzPhcAAAL
error: Nuevo Cliente Conectado - Socket -> cO74l9wJCzFyJ7wdAAAN
error: Nuevo Cliente Conectado - Socket -> _ruWtTmpFuoPbiSKAAAP
error: Nuevo Cliente Conectado - Socket -> iSf2dRctnd8xf_0OAAAB
error: Nuevo Cliente Conectado - Socket -> rtQF3Zq_TOhRKY-WAAAB
error: Nuevo Cliente Conectado - Socket -> nYOKHFsdoHmc-IjxAAAB
error: Nuevo Cliente Conectado - Socket -> Fvz1Jhf1vqgQ2z22AAAB
error: Nuevo Cliente Conectado - Socket -> AZ4FIaSu4LfC05MuAAAD
error: Nuevo Cliente Conectado - Socket -> Cmbtau2Rs0ZrnqvHAAAF
error: Nuevo Cliente Conectado - Socket -> Not2PEgZHvsmK-W4AAAH
error: Nuevo Cliente Conectado - Socket -> -hKt8N7j7QTd8bdzAAAB
error: Nuevo Cliente Conectado - Socket -> w6YUNgZxzwXAY1iGAAAD
error: Nuevo Cliente Conectado - Socket -> c4-od5lOHkkxZ-7bAAAB
error: Nuevo Cliente Conectado - Socket -> iVcrwok569zE0-W7AAAD
error: Nuevo Cliente Conectado - Socket -> EPhvyvz5JCMysRDrAAAB
error: Nuevo Cliente Conectado - Socket -> 7zFq6Xhi8gsvcj4kAAAD
error: Nuevo Cliente Conectado - Socket -> cy5o-kUcvN1GbDDhAAAF
error: Nuevo Cliente Conectado - Socket -> BuOClaD9Zc4WUDlKAAAB
error: Nuevo Cliente Conectado - Socket -> fIcD0B4xZJVy1oocAAAD
error: Nuevo Cliente Conectado - Socket -> 2pNOxQBITaTrUP9HAAAB
error: Nuevo Cliente Conectado - Socket -> Z4eTLF3UduTjSB3JAAAB
error: Nuevo Cliente Conectado - Socket -> n10-w6Kz44G8bYeTAAAB
error: Nuevo Cliente Conectado - Socket -> RZr5wWC-allSqbWlAAAB
error: Nuevo Cliente Conectado - Socket -> J99R0wYIcK36p4ISAAAD
error: Nuevo Cliente Conectado - Socket -> Bc5jsaAX_HrXHLMbAAAF
error: Nuevo Cliente Conectado - Socket -> RZP9jjInFEsnV7v6AAAH
error: Nuevo Cliente Conectado - Socket -> K0EpTnzKSKeJhrpCAAAB
error: Nuevo Cliente Conectado - Socket -> pyEwQpLzgivC_6-cAAAB
error: Nuevo Cliente Conectado - Socket -> Ig42CZHNoi-3ErRMAAAD
error: Nuevo Cliente Conectado - Socket -> DfovVRzGV8JE_jP9AAAF
error: Nuevo Cliente Conectado - Socket -> iyCyk-2mTKD-yMWrAAAB
error: Nuevo Cliente Conectado - Socket -> KI1tuqPBOF7zXpz7AAAD
error: Nuevo Cliente Conectado - Socket -> W3OJuOSefiXc7gd5AAAF
error: Nuevo Cliente Conectado - Socket -> _B7HELTK_FLCbuC0AAAH
error: Nuevo Cliente Conectado - Socket -> FsDX6eDa_WOVzFTrAAAB
error: Nuevo Cliente Conectado - Socket -> e-usrKw2oA0ObxbcAAAB
error: Nuevo Cliente Conectado - Socket -> K9fgEB0sSqHA8k-CAAAB
error: Nuevo Cliente Conectado - Socket -> pnT-opkEB-pbixoaAAAB
error: Nuevo Cliente Conectado - Socket -> i1ViqXAv6V18U6P_AAAB
error: Nuevo Cliente Conectado - Socket -> ocPXnGBpQvR188FFAAAD
error: Nuevo Cliente Conectado - Socket -> JA6mKNVjbo2y9pAPAAAF
error: Nuevo Cliente Conectado - Socket -> 46XzXQ20I2CzloUjAAAB
error: Nuevo Cliente Conectado - Socket -> gyt6xc4gFrj_zvHeAAAD
error: Nuevo Cliente Conectado - Socket -> xrAWJ2xsrRjzbQGGAAAF
error: Nuevo Cliente Conectado - Socket -> s3zDMbFh1S2pDu1LAAAB
error: Nuevo Cliente Conectado - Socket -> yL7Jf9bthsEhi2qOAAAD
error: Nuevo Cliente Conectado - Socket -> bV9qvP2gYVNCTOkBAAAF
error: Nuevo Cliente Conectado - Socket -> DQYZ6cRXZSDRuX3iAAAB
error: Nuevo Cliente Conectado - Socket -> MCBaA-dJpoxV91AfAAAB
error: Nuevo Cliente Conectado - Socket -> aAy98g5fn-VKYfEZAAAD
error: Nuevo Cliente Conectado - Socket -> MjpWGXcgveoFBKWQAAAB
error: Nuevo Cliente Conectado - Socket -> _aBKPNW-aIzcDK9JAAAB
error: Nuevo Cliente Conectado - Socket -> bwgqJjLOfQSXzbJZAAAD
error: Nuevo Cliente Conectado - Socket -> L1ojhNtHtWAIGqJ8AAAB
error: Nuevo Cliente Conectado - Socket -> VwnprJaa5FAP-sW9AAAB
error: Nuevo Cliente Conectado - Socket -> t8iQhOgnh4s8XpyCAAAD
error: Nuevo Cliente Conectado - Socket -> QQxxynF8dCh09IQBAAAF
error: Nuevo Cliente Conectado - Socket -> 1yzFBfaNOLX8V-FnAAAH
error: Nuevo Cliente Conectado - Socket -> 16OJU5KouFBW6XpWAAAB
error: Nuevo Cliente Conectado - Socket -> 1TsdOccCsjEonidnAAAD
error: Nuevo Cliente Conectado - Socket -> UCBQVHuIc0Xnp1WRAAAB
error: Nuevo Cliente Conectado - Socket -> GPcVlDtn98sd--ecAAAB
error: Nuevo Cliente Conectado - Socket -> h99NCNfUx5_nk2seAAAB
error: Nuevo Cliente Conectado - Socket -> hNSHLdzRt78ieU1mAAAB
error: Nuevo Cliente Conectado - Socket -> 4psQW76vWKXGNeqwAAAB
error: Nuevo Cliente Conectado - Socket -> ovVMQGUAeVbzIiIAAAAB
error: Nuevo Cliente Conectado - Socket -> KMOAwTjXdj853THwAAAB
error: Nuevo Cliente Conectado - Socket -> b5VCnUJIJpoG_LUtAAAB
error: Nuevo Cliente Conectado - Socket -> hFd1rguWSIv8jLaeAAAB
error: Nuevo Cliente Conectado - Socket -> 5gCgdS_5drgQNI-qAAAB
error: Nuevo Cliente Conectado - Socket -> H5r9-bLFV1y0YUPLAAAB
error: Nuevo Cliente Conectado - Socket -> Nyc2BqtVKbfEU_bGAAAB
error: Nuevo Cliente Conectado - Socket -> iS0RBegXM076OK45AAAB
error: Nuevo Cliente Conectado - Socket -> s5BI1bdLBNsW8kduAAAD
error: Nuevo Cliente Conectado - Socket -> VOApru95fGdLVKluAAAF
error: Nuevo Cliente Conectado - Socket -> iOCKKBEMVW8uCditAAAH
error: Nuevo Cliente Conectado - Socket -> g6unFKqh-leCTfFpAAAJ
error: Nuevo Cliente Conectado - Socket -> M1hY7p8LIN0Ka4XLAAAB
error: Nuevo Cliente Conectado - Socket -> YsXGH-5fJagOAPjpAAAB
error: Nuevo Cliente Conectado - Socket -> ab3RggbOsp1IOsAiAAAB
error: Nuevo Cliente Conectado - Socket -> iC-n81qyINGVuC2YAAAD
error: Nuevo Cliente Conectado - Socket -> Q7DSHcGCfAV4ezQbAAAF
error: Nuevo Cliente Conectado - Socket -> p463ROP4O8nCfXaJAAAH
error: Nuevo Cliente Conectado - Socket -> aZ-YaM-aF0d5K4S_AAAJ
error: Nuevo Cliente Conectado - Socket -> 2sT8smOy1wvBlcKlAAAL
error: Nuevo Cliente Conectado - Socket -> rcUK8TRl5gpQQx6pAAAN
error: Nuevo Cliente Conectado - Socket -> wKYHRfLTogHAOGFFAAAP
error: Nuevo Cliente Conectado - Socket -> 0OkjWa1ofDH4daIdAAAB
error: Nuevo Cliente Conectado - Socket -> gEda3CUkhk2NWrXDAAAD
error: Nuevo Cliente Conectado - Socket -> wjnJTKAe244tiwqlAAAF
error: Nuevo Cliente Conectado - Socket -> 7nKgrAgQhoQT4sBFAAAB
error: Nuevo Cliente Conectado - Socket -> KoJFVTxa9g8y_5JRAAAD
error: Nuevo Cliente Conectado - Socket -> 5M2FZm9LZP5QDk3uAAAF
error: Nuevo Cliente Conectado - Socket -> Ru9AQGxZPOibTEOKAAAH
error: Nuevo Cliente Conectado - Socket -> Xg4aqSGfT0-LQEbYAAAB
error: Nuevo Cliente Conectado - Socket -> 2gTnKz6ELpzGjywLAAAD
error: Nuevo Cliente Conectado - Socket -> A24bzEkrS2e6wHpqAAAF
error: Nuevo Cliente Conectado - Socket -> I2qaVHbxkdkz4sbXAAAH
error: Nuevo Cliente Conectado - Socket -> Dk_9cagSRf4T0fEGAAAB
error: Nuevo Cliente Conectado - Socket -> x3j-_cOQvZZU4H7cAAAD
error: Nuevo Cliente Conectado - Socket -> S72Z98XqNmuOm5FxAAAF
error: Nuevo Cliente Conectado - Socket -> J9va23eOvMqTjuPAAAAB
error: Nuevo Cliente Conectado - Socket -> TECTAl7i5weQgGgwAAAB
error: Nuevo Cliente Conectado - Socket -> omvaBlCYaN2G0P9JAAAD
error: Nuevo Cliente Conectado - Socket -> lsUWtsOYsvvR0J_dAAAB
error: Nuevo Cliente Conectado - Socket -> ay_SCgpVSWNr3YC1AAAB
error: Nuevo Cliente Conectado - Socket -> UN_X7Lhc-_B0GpLEAAAB
error: Nuevo Cliente Conectado - Socket -> 1SAcxJER2L3Z-NUCAAAD
error: Nuevo Cliente Conectado - Socket -> hWsJ5AroZDe8OgpeAAAF
error: Nuevo Cliente Conectado - Socket -> BE3Ev2xy9cKfQe6pAAAB
error: Nuevo Cliente Conectado - Socket -> 1LUp9CimERF33xLGAAAD
error: Nuevo Cliente Conectado - Socket -> Q17_EFJ5-XOlJnp6AAAB
error: Nuevo Cliente Conectado - Socket -> 1ejcQf8-6EzfoXoTAAAD
error: Nuevo Cliente Conectado - Socket -> eZ32pSfSq6TM9TvMAAAB
error: Nuevo Cliente Conectado - Socket -> _xmCR8bwSVBzcF2_AAAB
error: Nuevo Cliente Conectado - Socket -> SLKS2jVU8XiNT8IEAAAB
error: Nuevo Cliente Conectado - Socket -> zEIfx2t438ZVP7BxAAAB
error: Nuevo Cliente Conectado - Socket -> FSLSRq8NcIW-lKKfAAAB
error: Nuevo Cliente Conectado - Socket -> bWaD6qICo5LV4cheAAAB
error: Nuevo Cliente Conectado - Socket -> yoo3WM08YMCddvB2AAAB
error: Nuevo Cliente Conectado - Socket -> M4u8De4izEAjpSjxAAAD
error: Nuevo Cliente Conectado - Socket -> 8xMEPQB_vo5YYRigAAAF
error: Nuevo Cliente Conectado - Socket -> LFfK1Gp4SuM3cGPMAAAH
error: Nuevo Cliente Conectado - Socket -> 5COfCgPofJNvkhaKAAAB
error: Nuevo Cliente Conectado - Socket -> CZa4MtgyGXuO7SGuAAAB
error: Nuevo Cliente Conectado - Socket -> 4XhBFjbyalKoLQD5AAAD
error: Nuevo Cliente Conectado - Socket -> Rln6Jhfo-JII1bhgAAAB
error: Nuevo Cliente Conectado - Socket -> n3vHP3M3MJ2U8em_AAAB
error: Nuevo Cliente Conectado - Socket -> jHgyKsCptj3w3dtPAAAD
error: Nuevo Cliente Conectado - Socket -> VPhRbLMxrYiybcl6AAAF
error: Nuevo Cliente Conectado - Socket -> uiFtG2Vc4tuTzAa6AAAH
error: Nuevo Cliente Conectado - Socket -> INH3Q3WrOgaL-EGiAAAJ
error: Nuevo Cliente Conectado - Socket -> 946qxTWXgjcP7PgfAAAB
error: Nuevo Cliente Conectado - Socket -> T73gIHuhEJzpfjyRAAAB
error: Nuevo Cliente Conectado - Socket -> JGv1eYpZs_1DrSSMAAAD
error: Nuevo Cliente Conectado - Socket -> nw7XHdPoMXqkFfCXAAAF
error: Nuevo Cliente Conectado - Socket -> p-XpCKwaPQAMKBe8AAAB
error: Nuevo Cliente Conectado - Socket -> -jnwxKJjCOHzUO7kAAAB
error: Nuevo Cliente Conectado - Socket -> qA4c1C4qJDMg3KnkAAAD
error: Nuevo Cliente Conectado - Socket -> -KP6ML-ImagDEdrPAAAB
error: Nuevo Cliente Conectado - Socket -> HtTPcjM23oRX9IP0AAAD
error: Nuevo Cliente Conectado - Socket -> HROTEB4emKLwP0SZAAAF
error: Nuevo Cliente Conectado - Socket -> 9G2GYjeIV9Ph2FwKAAAH
error: Nuevo Cliente Conectado - Socket -> VozLsLiRk6GGHKslAAAB
error: Nuevo Cliente Conectado - Socket -> iRAQj2GkRE-OsmEWAAAD
error: Nuevo Cliente Conectado - Socket -> 9pVHzMU_695kUF-4AAAF
error: Nuevo Cliente Conectado - Socket -> NSc0msj5xVinV3T-AAAH
error: Nuevo Cliente Conectado - Socket -> xrDzwK2umMiXiuVUAAAJ
error: Nuevo Cliente Conectado - Socket -> d5N4xk2gzlCSHnPNAAAL
error: Nuevo Cliente Conectado - Socket -> ZiTOsXhZ_O0SvKMaAAAB
error: Nuevo Cliente Conectado - Socket -> gvDvPDAqHUCMLkVLAAAD
error: Nuevo Cliente Conectado - Socket -> hMSnSSkqb0AH_akqAAAF
error: Nuevo Cliente Conectado - Socket -> cgWCmKYpDd-aF8OkAAAH
error: Nuevo Cliente Conectado - Socket -> Xh1oDgJc9A6b5NEkAAAJ
error: Nuevo Cliente Conectado - Socket -> 7QY1BsiJT64LBvlsAAAL
error: Nuevo Cliente Conectado - Socket -> 6zl8FKEC_RzXF6hrAAAN
error: Nuevo Cliente Conectado - Socket -> 8UlmwplN9Xqk8XGOAAAP
error: Nuevo Cliente Conectado - Socket -> pT6QrjOBkD7SJFVsAAAR
error: Nuevo Cliente Conectado - Socket -> QsTrktLdB-8xej2tAAAT
error: Nuevo Cliente Conectado - Socket -> FksvM7iuM4O5SPWgAAAV
error: Nuevo Cliente Conectado - Socket -> 0ME7yVTrnuWu2aUJAAAX
error: Nuevo Cliente Conectado - Socket -> Am5N95t5AzTD4_BMAAAZ
error: Nuevo Cliente Conectado - Socket -> kP18h4Wbdd7bNHYTAAAb
error: Nuevo Cliente Conectado - Socket -> o3jM7XEsQUM4UgtbAAAd
error: Nuevo Cliente Conectado - Socket -> wf3bYg1h5A8rGuKdAAAf
error: Nuevo Cliente Conectado - Socket -> SjxxgkhVoWfSwGInAAAh
error: Nuevo Cliente Conectado - Socket -> vN9y3p3iM1X-nLTVAAAj
error: Nuevo Cliente Conectado - Socket -> HXIqomUdoybQTcTtAAAl
error: Nuevo Cliente Conectado - Socket -> hpb-3wi8c7iJfgdnAAAn
error: Nuevo Cliente Conectado - Socket -> aQGRvSPTaedUH6ycAAAB
error: Nuevo Cliente Conectado - Socket -> -vYLlOV8dA0zrnK3AAAD
error: Nuevo Cliente Conectado - Socket -> RBxB4FJY-3Vhjii0AAAF
error: Nuevo Cliente Conectado - Socket -> p-1pR0sEU6E_xfNWAAAH
error: Nuevo Cliente Conectado - Socket -> FaEAM4UbkPd265tDAAAB
error: Nuevo Cliente Conectado - Socket -> pOKO63tYaj61f_FeAAAD
error: Nuevo Cliente Conectado - Socket -> aTVLAyrBE6VySO3ZAAAF
error: Nuevo Cliente Conectado - Socket -> JINH5F8TZ3J-9uNHAAAH
error: Nuevo Cliente Conectado - Socket -> _TgKpd5Cr72kbTGkAAAB
error: Nuevo Cliente Conectado - Socket -> f7osj8aaDpXkwO1DAAAB
error: Nuevo Cliente Conectado - Socket -> HIPMt_1iqoNNI5o7AAAD
error: Nuevo Cliente Conectado - Socket -> riq6IfHsLCnkENxHAAAF
error: Nuevo Cliente Conectado - Socket -> X2KjZmG4XzAKU2UbAAAH
error: Nuevo Cliente Conectado - Socket -> R0aVIUAtYbgUjckdAAAJ
error: Nuevo Cliente Conectado - Socket -> I6DGyK3TGXwbN22KAAAL
error: Nuevo Cliente Conectado - Socket -> A48yqHodf7sNsj6EAAAN
error: Nuevo Cliente Conectado - Socket -> LUqf6Lxus32qc74wAAAP
error: Nuevo Cliente Conectado - Socket -> HoDmclFuGAcBobssAAAR
error: Nuevo Cliente Conectado - Socket -> _VTY4ug3-lAQ7F9BAAAT
error: Nuevo Cliente Conectado - Socket -> JIqhx-BV0zR6QmHwAAAV
error: Nuevo Cliente Conectado - Socket -> qGfb4YXdEnIVFSgsAAAB
error: Nuevo Cliente Conectado - Socket -> hIVNxWG_GXlyB7q7AAAD
error: Nuevo Cliente Conectado - Socket -> vc58fYZyx6AbFvUCAAAB
error: Nuevo Cliente Conectado - Socket -> 2kPUZaZhN-ujMylCAAAD
error: Nuevo Cliente Conectado - Socket -> RCCGJ2w10g2QNAcIAAAF
error: Nuevo Cliente Conectado - Socket -> EEBgGBiQTmdrJwiGAAAH
error: Nuevo Cliente Conectado - Socket -> _DSidsp_J8izEeRsAAAB
error: Nuevo Cliente Conectado - Socket -> WYPJhFmifYDk4kAPAAAD
error: Nuevo Cliente Conectado - Socket -> sz0nFfug8vzLDusDAAAF
error: Nuevo Cliente Conectado - Socket -> j_CDT0ntysAz-gaNAAAH
error: Nuevo Cliente Conectado - Socket -> 2psH7cxiibC3L7kBAAAJ
error: Nuevo Cliente Conectado - Socket -> 04eQkfqYbMpThdPzAAAL
error: Nuevo Cliente Conectado - Socket -> JR85I2isfPEGlfuQAAAN
error: Nuevo Cliente Conectado - Socket -> FmaFPgiCf832JFx4AAAP
error: Nuevo Cliente Conectado - Socket -> b7e1q5jsQ5jcnRwsAAAR
error: Nuevo Cliente Conectado - Socket -> -7GtGPDASQcCLfW0AAAT
error: Nuevo Cliente Conectado - Socket -> eE9w0SWoCyWfaNg3AAAV
error: Nuevo Cliente Conectado - Socket -> bpQYStF7lVucJNMkAAAX
error: Nuevo Cliente Conectado - Socket -> QbJypFhYW3fKjl7hAAAB
error: Nuevo Cliente Conectado - Socket -> HhDVNf2flB6SqUlgAAAD
error: Nuevo Cliente Conectado - Socket -> WS9HBvhge7SWJm9TAAAB
error: Nuevo Cliente Conectado - Socket -> eFUtEIZXp97NdXqjAAAB
error: Nuevo Cliente Conectado - Socket -> NM1XlyvTVniu4O5iAAAD
error: Nuevo Cliente Conectado - Socket -> sEsbU8N_YwQza25hAAAB
error: Nuevo Cliente Conectado - Socket -> 4lmvO_xpgvL5gi3vAAAB
error: Nuevo Cliente Conectado - Socket -> qQkVzTM7xB-2UDHCAAAB
error: Nuevo Cliente Conectado - Socket -> SOooN9BAjcxmr-xgAAAB
error: Nuevo Cliente Conectado - Socket -> hVoupysXB3zxhFT5AAAB
error: Nuevo Cliente Conectado - Socket -> K8vmH8NvUTE3J8meAAAB
error: Nuevo Cliente Conectado - Socket -> lPNiqi9jb0eF5b-iAAAB
error: Nuevo Cliente Conectado - Socket -> T-SQ9uaeU_G5c320AAAB
error: Nuevo Cliente Conectado - Socket -> -h2jTjR5htEh2h8vAAAB
error: Nuevo Cliente Conectado - Socket -> pbozsa3xC4JX3t3DAAAD
error: Nuevo Cliente Conectado - Socket -> WYuVZWfe6m_2qmR0AAAB
error: Nuevo Cliente Conectado - Socket -> XDIIFFjJ2AHxNsa4AAAD
error: Nuevo Cliente Conectado - Socket -> NE80TGYRAqFQdUR7AAAB
error: Nuevo Cliente Conectado - Socket -> N5QDKoBxKCjVgEM3AAAD
error: Nuevo Cliente Conectado - Socket -> uKtQBGSKtrb8j6GRAAAB
error: Nuevo Cliente Conectado - Socket -> FP0eDgxj8TOkaUeaAAAB
error: Nuevo Cliente Conectado - Socket -> A07CeEWSgOseG44zAAAB
error: Nuevo Cliente Conectado - Socket -> d1C8vHS4iy_IlyRJAAAD
error: Nuevo Cliente Conectado - Socket -> 2CSsdPB-1BS7jxYgAAAB
error: Nuevo Cliente Conectado - Socket -> hn2WeOuZVtKgU2xvAAAB
error: Nuevo Cliente Conectado - Socket -> wXarL48mDonunghNAAAB
error: Nuevo Cliente Conectado - Socket -> PEVTMllkoga1n2JyAAAB
error: Nuevo Cliente Conectado - Socket -> ImofUJkSpATw3vHLAAAB
error: Nuevo Cliente Conectado - Socket -> XJ_4B0cTWn8TE4OLAAAB
error: Nuevo Cliente Conectado - Socket -> H9L8qmAGHlUg_KjgAAAB
error: Nuevo Cliente Conectado - Socket -> lnXawpCsALexJanWAAAD
error: Nuevo Cliente Conectado - Socket -> ezWBQDjjIYFu35ExAAAB
error: Nuevo Cliente Conectado - Socket -> lFL64M6Q7i9bNdDZAAAB
error: Nuevo Cliente Conectado - Socket -> 7kDGz4HpduvvO2iiAAAB
error: Nuevo Cliente Conectado - Socket -> d-FYgBTejBWALROzAAAB
error: Nuevo Cliente Conectado - Socket -> -H8yohD_dK_MrO6iAAAD
error: Nuevo Cliente Conectado - Socket -> tyU1UiEiIvm27yziAAAB
error: Nuevo Cliente Conectado - Socket -> 7e1lMJz0bDl4ujKmAAAD
error: Nuevo Cliente Conectado - Socket -> LnBkzOzUCzskTGdjAAAB
error: Nuevo Cliente Conectado - Socket -> QRHXQBOFYwHHq22jAAAD
error: Nuevo Cliente Conectado - Socket -> FwGKmB4kHPVYV8oaAAAB
error: Nuevo Cliente Conectado - Socket -> NBW-ifxSeYilc05lAAAD
error: Nuevo Cliente Conectado - Socket -> Xq6_cHgg9Q0UWsaVAAAB
error: Nuevo Cliente Conectado - Socket -> QcYrSCOfCv0LRk4bAAAD
error: Nuevo Cliente Conectado - Socket -> IK1YURnIY3Pthy-XAAAB
error: Nuevo Cliente Conectado - Socket -> MzsvsCw3Wv-fTB2HAAAD
error: Nuevo Cliente Conectado - Socket -> RtAZG6aLXvHvmwNoAAAB
error: Nuevo Cliente Conectado - Socket -> l-knjZrTAddehL3_AAAD
error: Nuevo Cliente Conectado - Socket -> 611fM2bswRwHel0uAAAF
error: Nuevo Cliente Conectado - Socket -> _gPjU8mb530ZFIVTAAAB
error: Nuevo Cliente Conectado - Socket -> tARroLo5F9fMcb3CAAAD
error: Nuevo Cliente Conectado - Socket -> 3xPGckcaosz5XIhHAAAB
error: Nuevo Cliente Conectado - Socket -> i3uFJ8RMy_UqOE6vAAAD
error: Nuevo Cliente Conectado - Socket -> x6XmJ7aaqqmM-VxnAAAB
error: Nuevo Cliente Conectado - Socket -> fXkZ07tXY1zyjgwRAAAD
error: Nuevo Cliente Conectado - Socket -> KsbQImSkX6srA3AHAAAB
error: Nuevo Cliente Conectado - Socket -> RVdEM5ebtskzKBb2AAAD
error: Nuevo Cliente Conectado - Socket -> GzwyHbahJim_Tgi5AAAB
error: Nuevo Cliente Conectado - Socket -> UYIOSaeIGporrILDAAAD
error: Nuevo Cliente Conectado - Socket -> G1BMJ_l9XMYe-JQjAAAF
error: Nuevo Cliente Conectado - Socket -> 76YVpqDgtC9mbvz-AAAB
error: Nuevo Cliente Conectado - Socket -> wcVOrt9l7VcpWaAzAAAB
error: Nuevo Cliente Conectado - Socket -> d7xl53o9LSPoDw0OAAAD
error: Nuevo Cliente Conectado - Socket -> sbLwRJymSiEAGObaAAAB
error: Nuevo Cliente Conectado - Socket -> McUWVI6DoZPnAMN4AAAB
error: Nuevo Cliente Conectado - Socket -> WbkmcWJ59wbl_DXgAAAD
error: Nuevo Cliente Conectado - Socket -> -3slbR-grjX6INfnAAAF
error: Nuevo Cliente Conectado - Socket -> y07OOUnrTklHDuyyAAAB
error: Nuevo Cliente Conectado - Socket -> 3Mknejhdmqw5vJSVAAAD
error: Nuevo Cliente Conectado - Socket -> 6uieKlvO_KlWdfGKAAAB
error: Nuevo Cliente Conectado - Socket -> 5sEnNcNntLWJ4J0_AAAB
error: Nuevo Cliente Conectado - Socket -> 5wSfgMOmnJkDN3rQAAAD
error: Nuevo Cliente Conectado - Socket -> jlwpEUfIr7H-ABe3AAAB
error: Nuevo Cliente Conectado - Socket -> THi0h7IwbGAGBwn2AAAB
error: Nuevo Cliente Conectado - Socket -> HktRIb7l_ec9cwzQAAAD
error: Nuevo Cliente Conectado - Socket -> MMS9bEFRAXc-pklkAAAF
error: Nuevo Cliente Conectado - Socket -> kYcPz-coitkeD0mnAAAH
error: Nuevo Cliente Conectado - Socket -> HftLgsZJRVs7klvGAAAJ
error: Nuevo Cliente Conectado - Socket -> FjwHWq9ivkQ5OeFAAAAL
error: Nuevo Cliente Conectado - Socket -> gfqMSPJ6xoytqrElAAAB
error: Nuevo Cliente Conectado - Socket -> djrKq8aq8CzUPjSJAAAD
error: Nuevo Cliente Conectado - Socket -> RuD0dklW2JQThslUAAAB
error: Nuevo Cliente Conectado - Socket -> B8P0DwiElgdEE-pyAAAD
error: Nuevo Cliente Conectado - Socket -> -dd1hiLhxrM8TEHvAAAB
error: Nuevo Cliente Conectado - Socket -> CFS8BupR9iLIcUMDAAAD
error: Nuevo Cliente Conectado - Socket -> 8o8awowTUdx3Y95gAAAB
error: Nuevo Cliente Conectado - Socket -> vpnl1EW4Q71iX0mFAAAD
error: Nuevo Cliente Conectado - Socket -> RSCyPjjMjsJA9egaAAAB
error: Nuevo Cliente Conectado - Socket -> MnSrLvuu0vmwy3_SAAAD
error: Nuevo Cliente Conectado - Socket -> 0CTkdq_eHR7tb0FHAAAF
error: Nuevo Cliente Conectado - Socket -> 0Kn3DpM4sKARs_ZqAAAH
error: Nuevo Cliente Conectado - Socket -> ZF2GogepFY3Twu6nAAAB
error: Nuevo Cliente Conectado - Socket -> ptFmtqBQYW5YY60nAAAD
error: Nuevo Cliente Conectado - Socket -> r1Ktu3gEOK-m84gjAAAF
error: Nuevo Cliente Conectado - Socket -> 7WmJpQTuvxNiAENfAAAH
error: Nuevo Cliente Conectado - Socket -> YGXNbUB9BIMi4nYUAAAB
error: Nuevo Cliente Conectado - Socket -> LU_fUZLzynzJ_RsoAAAD
error: Nuevo Cliente Conectado - Socket -> ew-boaXxKI8JAq91AAAB
error: Nuevo Cliente Conectado - Socket -> jagjq_1l2mxaMM5CAAAD
error: Nuevo Cliente Conectado - Socket -> FNwMvuQbUTcF5QedAAAF
error: Nuevo Cliente Conectado - Socket -> -bO_hU5VTNMrLtV2AAAB
error: Nuevo Cliente Conectado - Socket -> YGBBXP084A_2EhaTAAAD
error: Nuevo Cliente Conectado - Socket -> SKdAMqUTO-5d164EAAAF
error: Nuevo Cliente Conectado - Socket -> l_Gc2k4o470r0P9rAAAB
error: Nuevo Cliente Conectado - Socket -> fh6FiImmWRV7KwqcAAAD
error: Nuevo Cliente Conectado - Socket -> RorP80qJgX50_s4MAAAF
error: Nuevo Cliente Conectado - Socket -> Wr1EIYEocbsVm8KoAAAB
error: Nuevo Cliente Conectado - Socket -> 3gx61zzNClj4b9H4AAAD
error: Nuevo Cliente Conectado - Socket -> ePCQ47chWIHHF-2dAAAF
error: Nuevo Cliente Conectado - Socket -> jZPa37i_JQ9lGgKwAAAH
error: Nuevo Cliente Conectado - Socket -> k9Tz4MAQisPrMLUbAAAB
error: Nuevo Cliente Conectado - Socket -> VewZdqFNQwJv-d36AAAD
error: Nuevo Cliente Conectado - Socket -> Dx2JooftPE1h_l_DAAAF
error: Nuevo Cliente Conectado - Socket -> HEAe26QEz374Ui83AAAH
error: Nuevo Cliente Conectado - Socket -> dBWSOW6HzhPN4LtwAAAB
error: Nuevo Cliente Conectado - Socket -> 45NeBkO-5jKXFT1QAAAD
error: Nuevo Cliente Conectado - Socket -> 64fsZOknGVQXIZBYAAAF
error: Nuevo Cliente Conectado - Socket -> CzU_AQlY5PRqZTcHAAAH
error: Nuevo Cliente Conectado - Socket -> sS9MUWo0hcNR0WZDAAAJ
error: Nuevo Cliente Conectado - Socket -> ua6569nA7KgQ-aB4AAAB
error: Nuevo Cliente Conectado - Socket -> xjc3u_ctkBdUFF3zAAAD
error: Nuevo Cliente Conectado - Socket -> SRbU29EvLAOHZf_JAAAF
error: Nuevo Cliente Conectado - Socket -> uN6WSoyKJAiCdd_yAAAB
error: Nuevo Cliente Conectado - Socket -> _yWRGyx38Ng01VpQAAAD
error: Nuevo Cliente Conectado - Socket -> gRBF8RBzpmDS7d8DAAAF
error: Nuevo Cliente Conectado - Socket -> I54x-LFM3mHU-234AAAH
error: Nuevo Cliente Conectado - Socket -> nrbAF_bGlwSdEXn3AAAJ
error: Nuevo Cliente Conectado - Socket -> g42oNLukdd12IwTGAAAL
error: Nuevo Cliente Conectado - Socket -> lMHa4zEDMEZHZQ8AAAAN
error: Nuevo Cliente Conectado - Socket -> BUgDSZchhxEZZ3RAAAAP
error: Nuevo Cliente Conectado - Socket -> vOM9BpyzwuYv0Qu-AAAR
error: Nuevo Cliente Conectado - Socket -> FAVmHLLdbGsXzUZfAAAT
error: Nuevo Cliente Conectado - Socket -> v-UVeGjExNYeAWZBAAAV
error: Nuevo Cliente Conectado - Socket -> kF-WubjRwYO_fh_yAAAX
error: Nuevo Cliente Conectado - Socket -> Snkb_DQ_FpudzUsVAAAZ
error: Nuevo Cliente Conectado - Socket -> BXBQfzgQXR7CsqEDAAAb
error: Nuevo Cliente Conectado - Socket -> bvhLjzcu6NDPBhOjAAAd
error: Nuevo Cliente Conectado - Socket -> 7D5ohsoLP-IW2ENTAAAf
error: Nuevo Cliente Conectado - Socket -> nSRpOIRxhWvzfn8pAAAh
error: Nuevo Cliente Conectado - Socket -> mqdLekI4ZpgdIrDvAAAj
error: Nuevo Cliente Conectado - Socket -> 6ldDx8YePzxLAVTNAAAl
error: Nuevo Cliente Conectado - Socket -> -7WpdP18Dj_R78XBAAAn
error: Nuevo Cliente Conectado - Socket -> wPtq2kixs0jNLFGJAAAp
error: Nuevo Cliente Conectado - Socket -> lS6RENaeGOvoEcPyAAAr
error: Nuevo Cliente Conectado - Socket -> Y-inn3EYTybx8l0lAAAt
error: Nuevo Cliente Conectado - Socket -> jj8aWQak_KPFW7GDAAAv
error: Nuevo Cliente Conectado - Socket -> 6qZ2KlYW6rquKK11AAAx
error: Nuevo Cliente Conectado - Socket -> jSKaUralN-X314lDAAAz
error: Nuevo Cliente Conectado - Socket -> v3HpulfpDL8pQCqVAAA1
error: Nuevo Cliente Conectado - Socket -> 2cojX9IKRzCgGLycAAA3
error: Nuevo Cliente Conectado - Socket -> I4MpLJBliUvKv8eOAAAB
error: Nuevo Cliente Conectado - Socket -> daxc0TCFUbRlxTxBAAAD
error: Nuevo Cliente Conectado - Socket -> kRmr7rZ47o_SQY5wAAAF
error: Nuevo Cliente Conectado - Socket -> 7lsGsLPAjsBjYjf8AAAH
error: Nuevo Cliente Conectado - Socket -> 5cGcV6AsI4QnKSfKAAAJ
error: Nuevo Cliente Conectado - Socket -> 4rHFt51TODkJUGsjAAAL
error: Nuevo Cliente Conectado - Socket -> 8eM7960Q6XqBc_N9AAAB
error: Nuevo Cliente Conectado - Socket -> BgfFcNyshM9v_5Z8AAAD
error: Nuevo Cliente Conectado - Socket -> KcRKr-tsdx_bTZKFAAAF
error: Nuevo Cliente Conectado - Socket -> Po5mbBc-E9mNuoGGAAAH
error: Nuevo Cliente Conectado - Socket -> fSlAz5BCXNogQdWAAAAJ
error: Nuevo Cliente Conectado - Socket -> O8fMXX6wIoU7RdDBAAAL
error: Nuevo Cliente Conectado - Socket -> -nF_IWj789r-cw-qAAAN
error: Nuevo Cliente Conectado - Socket -> uSMBMPVqab-xk9F4AAAP
error: Nuevo Cliente Conectado - Socket -> xb9u5EG9lkgtd4kdAAAR
error: Nuevo Cliente Conectado - Socket -> OYMPaJQFFW8r-6p-AAAT
error: Nuevo Cliente Conectado - Socket -> G0M_vDDGGhBI7r-EAAAV
error: Nuevo Cliente Conectado - Socket -> LE59XfZ0Jp0AGaoHAAAX
error: Nuevo Cliente Conectado - Socket -> EgqaCS969b4uiGckAAAZ
error: Nuevo Cliente Conectado - Socket -> gqwRrKvBp8wXJvqNAAAb
error: Nuevo Cliente Conectado - Socket -> ZpSzZE55XCpHbf8JAAAd
error: Nuevo Cliente Conectado - Socket -> FcYU_ZOBe0hp7cyYAAAf
error: Nuevo Cliente Conectado - Socket -> d1qS2fZcRSHBqTzxAAAh
error: Nuevo Cliente Conectado - Socket -> AfhDM8WsbH6t7_D9AAAj
error: Nuevo Cliente Conectado - Socket -> xOkZtt02tZtTN_vBAAAl
error: Nuevo Cliente Conectado - Socket -> EwIApdnAHxN7UG6FAAAn
error: Nuevo Cliente Conectado - Socket -> ZIvJAcVgTkVO1vKTAAAp
error: Nuevo Cliente Conectado - Socket -> KAtUKcr2sujNt08gAAAr
error: Nuevo Cliente Conectado - Socket -> iQZOhThXEfNsiEm0AAAt
error: Nuevo Cliente Conectado - Socket -> xXB6cUQZOVWzK2vpAAAv
error: Nuevo Cliente Conectado - Socket -> CsigaAXtTtsB46PgAAAx
error: Nuevo Cliente Conectado - Socket -> 5bgxW2ta76iOOmPfAAAz
error: Nuevo Cliente Conectado - Socket -> n5vxpXY5z9nFCxOvAAA1
error: Nuevo Cliente Conectado - Socket -> i5rgkBQEm_1iWYD1AAA3
error: Nuevo Cliente Conectado - Socket -> sM3rsjZ4QMOPdfDoAAAB
error: Nuevo Cliente Conectado - Socket -> QWfRZjkefdqElFMzAAAD
error: Nuevo Cliente Conectado - Socket -> XFrJGOMy07Moh-CSAAAF
error: Nuevo Cliente Conectado - Socket -> fZn24PlxjwodC0mYAAAH
error: Nuevo Cliente Conectado - Socket -> ck0Xo45yibm2EuFWAAAJ
error: Nuevo Cliente Conectado - Socket -> Odn-icISqfItvI1BAAAL
error: Nuevo Cliente Conectado - Socket -> qetntLxh-qwrLvZxAAAB
error: Nuevo Cliente Conectado - Socket -> YZgtDKSp5O50WmTBAAAB
error: Nuevo Cliente Conectado - Socket -> NrInVaQQf5vSnBhVAAAB
error: Nuevo Cliente Conectado - Socket -> B321Gm6Zsb1ztqb_AAAB
error: Nuevo Cliente Conectado - Socket -> jq7n0sYuc6Wz4ecAAAAB
error: Nuevo Cliente Conectado - Socket -> PmN1BxFyb2IcG4fGAAAB
error: Nuevo Cliente Conectado - Socket -> AA_U-VUqe9AWltTAAAAB
error: Nuevo Cliente Conectado - Socket -> 4YYsBUVUFH9oOo7mAAAB
error: Nuevo Cliente Conectado - Socket -> 0njS59Oc1mDjhnqtAAAD
error: Nuevo Cliente Conectado - Socket -> SDrNAUPz-XrESfBwAAAF
error: Nuevo Cliente Conectado - Socket -> 5e8NSN_znNr5j2s_AAAH
error: Nuevo Cliente Conectado - Socket -> y7XcX47rCEY9qaMIAAAJ
error: Nuevo Cliente Conectado - Socket -> iJUp2LbCLxF23DfYAAAB
error: Nuevo Cliente Conectado - Socket -> rDYGzguKThEfLAliAAAD
error: Nuevo Cliente Conectado - Socket -> JG2TQJ9uQR5LxHdCAAAB
error: Nuevo Cliente Conectado - Socket -> N7xy2rBaPkN3yykaAAAD
error: Nuevo Cliente Conectado - Socket -> q6MyUA52pBfloQMXAAAF
error: Nuevo Cliente Conectado - Socket -> gbfintIZ45baIS7KAAAH
error: Nuevo Cliente Conectado - Socket -> 3a8wBcmyvLqqp-SZAAAJ
error: Nuevo Cliente Conectado - Socket -> htBMBTgKydoKTnsaAAAB
error: Nuevo Cliente Conectado - Socket -> CwRXYrNfhGeyzkJZAAAD
error: Nuevo Cliente Conectado - Socket -> qgWCE5RgOAyju7KKAAAF
error: Nuevo Cliente Conectado - Socket -> Y40AHqC-Vu8MrG3IAAAH
error: Nuevo Cliente Conectado - Socket -> 4eyZcDPSHBUNVeY3AAAJ
error: Nuevo Cliente Conectado - Socket -> A8xOt8RF-6bj0ve9AAAL
error: Nuevo Cliente Conectado - Socket -> 7o1h_vj-1kmrI1grAAAN
error: Nuevo Cliente Conectado - Socket -> 5IHF4MZ-kaYvh-gvAAAP
error: Nuevo Cliente Conectado - Socket -> nPDCgHn8RKfNVcEfAAAR
error: Nuevo Cliente Conectado - Socket -> Ew4VjY2GfWJYTKCnAAAT
error: Nuevo Cliente Conectado - Socket -> 98v_Zr-321xYoSDbAAAV
error: Nuevo Cliente Conectado - Socket -> B192weWXUtrpOPc-AAAX
error: Nuevo Cliente Conectado - Socket -> oz5UFeA-ciTYliRxAAAZ
error: Nuevo Cliente Conectado - Socket -> kem-97cI__JmK8F8AAAB
error: Nuevo Cliente Conectado - Socket -> 06NSLpjAHtAtx2cXAAAB
error: Nuevo Cliente Conectado - Socket -> IwPWpj5ooa3UduwuAAAB
error: Nuevo Cliente Conectado - Socket -> ebJ7yiYKLZoogF0jAAAB
error: Nuevo Cliente Conectado - Socket -> WsbrSmFXyNbUOEWNAAAB
error: Nuevo Cliente Conectado - Socket -> gZRN8tkSMWu9Uss3AAAB
error: Nuevo Cliente Conectado - Socket -> O3x9P53bkYk9Tad0AAAB
error: Nuevo Cliente Conectado - Socket -> _uQa3-ttpnPZZkPTAAAB
error: Nuevo Cliente Conectado - Socket -> CQnlaMjvP0b0sf-UAAAB
error: Nuevo Cliente Conectado - Socket -> 8IoDGaWNl5JuvQgJAAAB
error: Nuevo Cliente Conectado - Socket -> dkX6jTwQO7CTVSaWAAAB
error: Nuevo Cliente Conectado - Socket -> wFOnMuwWCEkLUJHlAAAB
error: Nuevo Cliente Conectado - Socket -> RikVqoEQBG1VcFRUAAAB
error: Nuevo Cliente Conectado - Socket -> FGBYVWXXqHSZk5_CAAAB
error: Nuevo Cliente Conectado - Socket -> yHHzxq6ENilZqSokAAAB
error: Nuevo Cliente Conectado - Socket -> TYgUx5Ef4twMuRMWAAAB
error: Nuevo Cliente Conectado - Socket -> KswEfP77-0IE86_aAAAB
error: Nuevo Cliente Conectado - Socket -> f8DfWwry3Ts2PLndAAAD
error: Nuevo Cliente Conectado - Socket -> IsfQJW_uVmOJECSgAAAB
error: Nuevo Cliente Conectado - Socket -> GrRjN7hTk9kgYnD8AAAD
error: Nuevo Cliente Conectado - Socket -> fpgvXhXuOgt1fZ75AAAF
error: Nuevo Cliente Conectado - Socket -> 17_z0e-rj4OqGKILAAAH
error: Nuevo Cliente Conectado - Socket -> eiAF_7MwjfXy1bFQAAAJ
error: Nuevo Cliente Conectado - Socket -> s85Au1ZsPpP4wqGeAAAB
error: Nuevo Cliente Conectado - Socket -> rkZypiZC8zSdAzxuAAAB
error: Nuevo Cliente Conectado - Socket -> pL9mqlSGPqctBm7CAAAD
error: Nuevo Cliente Conectado - Socket -> BwBGzeFhzVOX_CtEAAAB
error: Nuevo Cliente Conectado - Socket -> 23L1rxHlQX87xuFZAAAB
error: Nuevo Cliente Conectado - Socket -> SmIbf-SP96XTwmnMAAAD
error: Nuevo Cliente Conectado - Socket -> Wk-_eeTTVeqhCMZxAAAF
error: Nuevo Cliente Conectado - Socket -> QQk_1IqBEiEg-UNRAAAH
error: Nuevo Cliente Conectado - Socket -> TrzM3kCT0uV74J1RAAAJ
error: Nuevo Cliente Conectado - Socket -> 8f8-3tGy-1l9v37LAAAL
error: Nuevo Cliente Conectado - Socket -> J1Us3oUsZxBCFDf8AAAN
error: Nuevo Cliente Conectado - Socket -> gLsD3z-Vw4XZnD3zAAAP
error: Nuevo Cliente Conectado - Socket -> R7iHsndf8G0c0FXqAAAR
error: Nuevo Cliente Conectado - Socket -> P4IM-XJWazlbROvMAAAT
error: Nuevo Cliente Conectado - Socket -> 4gvqhv4OXcq7Ay67AAAV
error: Nuevo Cliente Conectado - Socket -> hZJhrM9kc2RqM9MGAAAX
error: Nuevo Cliente Conectado - Socket -> -fC0TCcoRSK03JxSAAAZ
error: Nuevo Cliente Conectado - Socket -> y-I1OBtDzDN7oeKZAAAb
error: Nuevo Cliente Conectado - Socket -> qaUld3xbMFLeSA9aAAAd
error: Nuevo Cliente Conectado - Socket -> i_F2FBWdbjBAdiT3AAAf
error: Nuevo Cliente Conectado - Socket -> ABrMtPQh1M8nzi4gAAAh
error: Nuevo Cliente Conectado - Socket -> XOJLsiRc2ZP9UQvmAAAj
error: Nuevo Cliente Conectado - Socket -> cJIn70LBrS_VrgADAAAl
error: Nuevo Cliente Conectado - Socket -> L-gNooj24Xf8YXQGAAAn
error: Nuevo Cliente Conectado - Socket -> qvCNy1Nlg8B7UUTtAAAp
error: Nuevo Cliente Conectado - Socket -> 1ODL5MNNj1CZhCHvAAAr
error: Nuevo Cliente Conectado - Socket -> kv4fVtebY3kqbW5cAAAt
error: Nuevo Cliente Conectado - Socket -> iSsGM11AqqtroLUrAAAv
error: Nuevo Cliente Conectado - Socket -> yL0KWosCcqeQySZRAAAx
error: Nuevo Cliente Conectado - Socket -> APAp-cd8BCFF5GuIAAAB
error: Nuevo Cliente Conectado - Socket -> xl1m02631tVQSLpvAAAD
error: Nuevo Cliente Conectado - Socket -> _2DG6rVTW4J9unFjAAAF
error: Nuevo Cliente Conectado - Socket -> 4IQJwhxQk-KTdulzAAAH
error: Nuevo Cliente Conectado - Socket -> wprz3hZJmlaFNEqmAAAJ
error: Nuevo Cliente Conectado - Socket -> 0_vt6hWJFqPlANJ8AAAL
error: Nuevo Cliente Conectado - Socket -> bUdvToB9CvizgKPUAAAN
error: Nuevo Cliente Conectado - Socket -> 67Yq1lG5FnTKGjjkAAAP
error: Nuevo Cliente Conectado - Socket -> 4520g7jVbs96XQwKAAAR
error: Nuevo Cliente Conectado - Socket -> t8-YcPEZ9wkXMBmmAAAT
error: Nuevo Cliente Conectado - Socket -> e6N-5fWUO291Nvt9AAAV
error: Nuevo Cliente Conectado - Socket -> 5shNncW1IVP2l1g7AAAX
error: Nuevo Cliente Conectado - Socket -> hp55hWN41Y76DI2wAAAZ
error: Nuevo Cliente Conectado - Socket -> eDEiiCBgySW_ZcsqAAAb
error: Nuevo Cliente Conectado - Socket -> lxYeMJpWRw9-sWr0AAAd
error: Nuevo Cliente Conectado - Socket -> BP9tCF45fHMJObIyAAAf
error: Nuevo Cliente Conectado - Socket -> IO2fqJn-um4fofS7AAAh
error: Nuevo Cliente Conectado - Socket -> 0fK09UXPozh6McUpAAAj
error: Nuevo Cliente Conectado - Socket -> EyqBUCipJ9RcluiCAAAl
error: Nuevo Cliente Conectado - Socket -> Dt7a_SD8FyVPBmCPAAAn
error: Nuevo Cliente Conectado - Socket -> crAJvYHv3EK-WohUAAAp
error: Nuevo Cliente Conectado - Socket -> Gna7GrkaOyyTMwVKAAAr
error: Nuevo Cliente Conectado - Socket -> MGDVzLp1yNbMpUD1AAAt
error: Nuevo Cliente Conectado - Socket -> AWaS50r9Uci4WBEEAAAv
error: Nuevo Cliente Conectado - Socket -> Vc5XGKkv-P--YXwXAAAx
error: Nuevo Cliente Conectado - Socket -> Mmu_CVUYy92B58FbAAAz
error: Nuevo Cliente Conectado - Socket -> AtydLnyJq54aKlVGAAA1
error: Nuevo Cliente Conectado - Socket -> P9_mKBH1GBYf8kjjAAA3
error: Nuevo Cliente Conectado - Socket -> Yti0dq3CiiE_qJAAAAA5
error: Nuevo Cliente Conectado - Socket -> OS7_JXs5e6ROWsHQAAA7
error: Nuevo Cliente Conectado - Socket -> GJD2iwUZlQnw1keBAAA9
error: Nuevo Cliente Conectado - Socket -> btMy8DDmWaeQ0jb_AAA_
error: Nuevo Cliente Conectado - Socket -> 9k78BFQ0mhAQmeb5AABB
error: Nuevo Cliente Conectado - Socket -> Ru3Dfnkf1dk-KU1rAABD
error: Nuevo Cliente Conectado - Socket -> MNMOReDpBziwNTdtAAAB
error: Nuevo Cliente Conectado - Socket -> EhmeLxvMq6fDXgPBAAAD
error: Nuevo Cliente Conectado - Socket -> -fi5IdoBLtEepNRtAAAF
error: Nuevo Cliente Conectado - Socket -> -9AZ-D2XrgNee4I-AAAH
error: Nuevo Cliente Conectado - Socket -> j6DzW7fRgRp5D7wHAAAJ
error: Nuevo Cliente Conectado - Socket -> _LPuFNSohsD9ExZ-AAAL
error: Nuevo Cliente Conectado - Socket -> zGi_bbvahegJ_NHEAAAN
error: Nuevo Cliente Conectado - Socket -> H796Tz7c2waLeOf9AAAP
error: Nuevo Cliente Conectado - Socket -> 3jqPNV1J1QotV9dOAAAR
error: Nuevo Cliente Conectado - Socket -> I2fU73lzz673_2fJAAAT
error: Nuevo Cliente Conectado - Socket -> fjg3TKezd4aUd6wgAAAV
error: Nuevo Cliente Conectado - Socket -> LVg5inueQULU0dCvAAAX
error: Nuevo Cliente Conectado - Socket -> vLs8GHtgkXKrk5jHAAAZ
error: Nuevo Cliente Conectado - Socket -> LGeETRTUXhVpFHbtAAAb
error: Nuevo Cliente Conectado - Socket -> 9WrbMef1f2W71zc7AAAd
error: Nuevo Cliente Conectado - Socket -> s4MaTlp3f6WY4eJEAAAf
error: Nuevo Cliente Conectado - Socket -> WFBDnZzGu8Q2whyVAAAh
error: Nuevo Cliente Conectado - Socket -> 3X7qjhZAdCUZfMMGAAAj
error: Nuevo Cliente Conectado - Socket -> 3jN_MSXSBcivHGUeAAAl
error: Nuevo Cliente Conectado - Socket -> d8pI-AASgO4-q2K5AAAn
error: Nuevo Cliente Conectado - Socket -> 1R8SFguYT7ADn5mXAAAp
error: Nuevo Cliente Conectado - Socket -> pOhwsB9vInvxh1QLAAAr
error: Nuevo Cliente Conectado - Socket -> TQgo-deSvN7Cdl-UAAAt
error: Nuevo Cliente Conectado - Socket -> XJ1wPFBJ_OWHt1CKAAAv
error: Nuevo Cliente Conectado - Socket -> vSg3mxZdPVm5ln2HAAAx
error: Nuevo Cliente Conectado - Socket -> YxUup7P9UWxD2NBtAAAz
error: Nuevo Cliente Conectado - Socket -> kmPmBpl_ujlZm-2tAAA1
error: Nuevo Cliente Conectado - Socket -> c26SVEkIT5BV8T2aAAA3
error: Nuevo Cliente Conectado - Socket -> x8sWM1dPiU0lsnoxAAAB
error: Nuevo Cliente Conectado - Socket -> ViRJIoj-vLeibk91AAAB
error: Nuevo Cliente Conectado - Socket -> EiiPDmWRAs6ktI9nAAAB
error: Nuevo Cliente Conectado - Socket -> ETt8i-ZyOTLj4FP0AAAB
error: Nuevo Cliente Conectado - Socket -> xiI8jStta4_oFc7OAAAD
error: Nuevo Cliente Conectado - Socket -> ElIbqCAZ1mbtEN7AAAAF
error: Nuevo Cliente Conectado - Socket -> 3-kuc9enf3__msjlAAAH
error: Nuevo Cliente Conectado - Socket -> xNb5OrkZ721IBhEAAAAJ
error: Nuevo Cliente Conectado - Socket -> lPBp440HMBpSxWqQAAAB
error: Nuevo Cliente Conectado - Socket -> 2wvT6yrR4FblhXPAAAAD
error: Nuevo Cliente Conectado - Socket -> om5TFhs3NkH0mJ1GAAAF
error: Nuevo Cliente Conectado - Socket -> j8C3GQMkcshi4qf0AAAH
error: Nuevo Cliente Conectado - Socket -> 2cxALA5bow8hq2Y3AAAB
error: Nuevo Cliente Conectado - Socket -> -5qGvf-S3rDZwciNAAAD
error: Nuevo Cliente Conectado - Socket -> UarOfCydM_nlfJWHAAAB
error: Nuevo Cliente Conectado - Socket -> qLc3x5_VsZFzuWI8AAAD
error: Nuevo Cliente Conectado - Socket -> D5KEUDdZJUdCDh2jAAAF
error: Nuevo Cliente Conectado - Socket -> ndtL-fFf3fORcIk6AAAH
error: Nuevo Cliente Conectado - Socket -> hcOj_eR9SZmQKZM3AAAJ
error: Nuevo Cliente Conectado - Socket -> -HgCo2DV9skXSXajAAAL
error: Nuevo Cliente Conectado - Socket -> O8Qsm6-aU8NtxgofAAAN
error: Nuevo Cliente Conectado - Socket -> _hWvnfpepDdByWdaAAAB
error: Nuevo Cliente Conectado - Socket -> hOgdHS8CUw_0k9OBAAAD
error: Nuevo Cliente Conectado - Socket -> rDQ7c1RxSUvXboBtAAAF
error: Nuevo Cliente Conectado - Socket -> 1JfZFYHakg5toBHKAAAH
error: Nuevo Cliente Conectado - Socket -> tArnAcRI3v6iPeMDAAAJ
error: Nuevo Cliente Conectado - Socket -> SnAdhz4aUkgYnL8GAAAL
error: Nuevo Cliente Conectado - Socket -> K8fXLN4WwRGpVLhSAAAN
error: Nuevo Cliente Conectado - Socket -> zNqWrqDBk6Inqhh-AAAP
error: Nuevo Cliente Conectado - Socket -> l2uKlBc9D6gCwpZXAAAR
error: Nuevo Cliente Conectado - Socket -> IGOww5uld8AAkgd0AAAT
error: Nuevo Cliente Conectado - Socket -> zLHdgArkEmH1-y5TAAAV
error: Nuevo Cliente Conectado - Socket -> QpmxOGAAeD8SdvNoAAAX
error: Nuevo Cliente Conectado - Socket -> gUcZE6UFa4KIbKXaAAAZ
error: Nuevo Cliente Conectado - Socket -> FkPhuw9Wwb8PjXEpAAAb
error: Nuevo Cliente Conectado - Socket -> FDiDwlOiVTnArCBqAAAB
error: Nuevo Cliente Conectado - Socket -> pk6qTCF4_cmwBjcQAAAD
error: Nuevo Cliente Conectado - Socket -> yvN5MtLIZV7iNY4SAAAF
error: Nuevo Cliente Conectado - Socket -> 0ok1cIYDyRNzZOCuAAAH
error: Nuevo Cliente Conectado - Socket -> tQBltS2u5D3-u3lCAAAJ
error: Nuevo Cliente Conectado - Socket -> sKsXPZ_ib_AA3uoeAAAB
error: Nuevo Cliente Conectado - Socket -> u_Zn9NUH9l2nc1IWAAAD
error: Nuevo Cliente Conectado - Socket -> SCtxl-U2jWl9rm9dAAAF
error: Nuevo Cliente Conectado - Socket -> 6xl_6VO-6fKmx3ScAAAH
error: Nuevo Cliente Conectado - Socket -> 3CGPGuVzt8ILJfV3AAAJ
error: Nuevo Cliente Conectado - Socket -> ic1AbxmpCB27lvWwAAAL
error: Nuevo Cliente Conectado - Socket -> j7OfhomgdZ-v4MS8AAAN
error: Nuevo Cliente Conectado - Socket -> Mmfacsh7DqmTyGoJAAAB
error: Nuevo Cliente Conectado - Socket -> Is3tnaS5OPpl7EIfAAAB
error: Nuevo Cliente Conectado - Socket -> sq9FGkaDp2RDzmBvAAAD
error: Nuevo Cliente Conectado - Socket -> Q20uEkTBNqKYTVVCAAAF
error: Nuevo Cliente Conectado - Socket -> Cw7aQT3gQhFC84VBAAAH
error: Nuevo Cliente Conectado - Socket -> 3hqQ-XckqEIApv4NAAAJ
error: Nuevo Cliente Conectado - Socket -> Q4CKOYR4BRKp9cSgAAAL
error: Nuevo Cliente Conectado - Socket -> spS1mwkKTcG_59C_AAAN
error: Nuevo Cliente Conectado - Socket -> fUpXBADgnWpMHX8nAAAB
error: Nuevo Cliente Conectado - Socket -> SaB2-qXgxErJdLU4AAAD
error: Nuevo Cliente Conectado - Socket -> PgkD0nPUzH_6yeRJAAAF
error: Nuevo Cliente Conectado - Socket -> uppPXU2UhE7-Qp9qAAAH
error: Nuevo Cliente Conectado - Socket -> zi-207Cu0GW1z2vAAAAJ
error: Nuevo Cliente Conectado - Socket -> RFngNwIr2pJwg2jDAAAL
error: Nuevo Cliente Conectado - Socket -> W7DoSzTIn2MyoQz8AAAN
error: Nuevo Cliente Conectado - Socket -> txFSc3-rKecgS1NeAAAP
error: Nuevo Cliente Conectado - Socket -> 7joKlQC_0LuB5ZYbAAAR
error: Nuevo Cliente Conectado - Socket -> l_vTCJQgxI0KLJ-qAAAT
error: Nuevo Cliente Conectado - Socket -> 7bhcXgmgG0uEIKCcAAAV
error: Nuevo Cliente Conectado - Socket -> qgF-1AUcr87o2Mt4AAAX
error: Nuevo Cliente Conectado - Socket -> _yu17CzPF33dGNOnAAAZ
error: Nuevo Cliente Conectado - Socket -> 57qpzewWlG43VCbMAAAb
error: Nuevo Cliente Conectado - Socket -> n24nHxDzLArb2L77AAAd
error: Nuevo Cliente Conectado - Socket -> BmZl2bLv04iVrnC9AAAf
error: Nuevo Cliente Conectado - Socket -> i4TH-6AGmHi-K1obAAAh
error: Nuevo Cliente Conectado - Socket -> c85Q6qh_5h9KABGTAAAj
error: Nuevo Cliente Conectado - Socket -> HPNoWUc8aNt55ZKSAAAl
error: Nuevo Cliente Conectado - Socket -> vUm4qrp1pKxmP39PAAAn
error: Nuevo Cliente Conectado - Socket -> xHq4o5lzyOcHeUlaAAAp
error: Nuevo Cliente Conectado - Socket -> A9HrgfdqOzJMRRcoAAAr
error: Nuevo Cliente Conectado - Socket -> F7Az2z9hwy55yTAuAAAt
error: Nuevo Cliente Conectado - Socket -> ncVlh-K03blvAdD0AAAv
error: Nuevo Cliente Conectado - Socket -> dN3mJemkgaAZPgM4AAAx
error: Nuevo Cliente Conectado - Socket -> jQ995HqE4uV1iz_OAAAz
error: Nuevo Cliente Conectado - Socket -> mgGm0615WICy4gy2AAA1
error: Nuevo Cliente Conectado - Socket -> MiidoXE5qGu14vTXAAA3
error: Nuevo Cliente Conectado - Socket -> pnGmWyDGk4-HTcw5AAA5
error: Nuevo Cliente Conectado - Socket -> oSnjsvK3Ku4Kz2_7AAA7
error: Nuevo Cliente Conectado - Socket -> YXBafj09f9oPtfm7AAA9
error: Nuevo Cliente Conectado - Socket -> qUxhaLkbXGCm5NdUAAA_
error: Nuevo Cliente Conectado - Socket -> Y6uZi2JgwtuhJSnQAAAB
error: Nuevo Cliente Conectado - Socket -> GSlHHyLJ2U-y1mdgAAAB
error: Nuevo Cliente Conectado - Socket -> wgd0v8Et8ZSOf9-BAAAD
error: Nuevo Cliente Conectado - Socket -> 0_UcOzM-fnGhsN43AAAF
error: Nuevo Cliente Conectado - Socket -> KE8ckmXNQze2eKxcAAAH
error: Nuevo Cliente Conectado - Socket -> Qua_agcOuMCpz5jIAAAB
error: Nuevo Cliente Conectado - Socket -> -vQ-eodut0W11wzQAAAD
error: Nuevo Cliente Conectado - Socket -> RtJe0e1FUL0TFEg1AAAF
error: Nuevo Cliente Conectado - Socket -> Z_7GJZViVJOuAFW4AAAB
error: Nuevo Cliente Conectado - Socket -> 7v5yX6KhxMWTUsCJAAAD
error: Nuevo Cliente Conectado - Socket -> 0i9exvaYzeSr4AoKAAAB
error: Nuevo Cliente Conectado - Socket -> y3rrByDwsCkjuWQ3AAAD
error: Nuevo Cliente Conectado - Socket -> cp07qcPdlJH-PtQCAAAB
error: Nuevo Cliente Conectado - Socket -> 14TTUeO-AcLkV8oBAAAD
error: Nuevo Cliente Conectado - Socket -> R4l3IutKJb1yZ8H6AAAF
error: Nuevo Cliente Conectado - Socket -> ZQaucSwFCVxkyrHyAAAB
error: Nuevo Cliente Conectado - Socket -> HKjQCgh33Laddp-KAAAD
error: Nuevo Cliente Conectado - Socket -> uS2fbXth9D1bfSpGAAAB
error: Nuevo Cliente Conectado - Socket -> UkaQcu7YS3cqmmrVAAAB
error: Nuevo Cliente Conectado - Socket -> 96UO8M6jsmVLHELeAAAD
error: Nuevo Cliente Conectado - Socket -> BKZeLY5h-VOanVsfAAAF
error: Nuevo Cliente Conectado - Socket -> WIlGQldxrhiccbjEAAAH
error: Nuevo Cliente Conectado - Socket -> TKBBM6uZfvYN8pRHAAAJ
error: Nuevo Cliente Conectado - Socket -> rOu5ha18L0Gmz-9DAAAL
error: Nuevo Cliente Conectado - Socket -> 72B9iTH5KgFk2i85AAAN
error: Nuevo Cliente Conectado - Socket -> 7I3_QHn3Komp5YMMAAAP
error: Nuevo Cliente Conectado - Socket -> aJ8JtUzvQuWx2EsuAAAR
error: Nuevo Cliente Conectado - Socket -> eZlu_AmLuCoAUqeRAAAT
error: Nuevo Cliente Conectado - Socket -> OFGBYTERmQrbyAxIAAAV
error: Nuevo Cliente Conectado - Socket -> 6-7t-eJB8Zc_HX8OAAAX
error: Nuevo Cliente Conectado - Socket -> qvb320rGhJuFpTMMAAAZ
error: Nuevo Cliente Conectado - Socket -> NfbRJ-aa5JiUsnYiAAAB
error: Nuevo Cliente Conectado - Socket -> JOAGWwkDmGPJHDiXAAAD
error: Nuevo Cliente Conectado - Socket -> ySU0SsWxJeOIjeJNAAAF
error: Nuevo Cliente Conectado - Socket -> Y_i75EGSWu8h294KAAAH
error: Nuevo Cliente Conectado - Socket -> e2_WND_Uv505lHexAAAJ
error: Nuevo Cliente Conectado - Socket -> ZPcKRLvQ7SA2uNIrAAAL
error: Nuevo Cliente Conectado - Socket -> hr8ALZniCsrOnePrAAAN
error: Nuevo Cliente Conectado - Socket -> Xf7Kp0EwUhOL8JMXAAAP
error: Nuevo Cliente Conectado - Socket -> wGyuYoL69uyJ_OaNAAAR
error: Nuevo Cliente Conectado - Socket -> MTfJ3LtDYiTF5KlMAAAT
error: Nuevo Cliente Conectado - Socket -> 36YuG5fy4wE2KDdEAAAV
error: Nuevo Cliente Conectado - Socket -> hAyi8gR55OCkBryHAAAX
error: Nuevo Cliente Conectado - Socket -> O9TmYVZLDdMmwyAjAAAZ
error: Nuevo Cliente Conectado - Socket -> w0AUKtlsDCcJMkXjAAAb
error: Nuevo Cliente Conectado - Socket -> go2rKSs5SDOUIVznAAAd
error: Nuevo Cliente Conectado - Socket -> _Td6MWESsLrq0n7TAAAf
error: Nuevo Cliente Conectado - Socket -> WTpSqEZblpliOuGlAAAB
error: Nuevo Cliente Conectado - Socket -> NRuza-7mYRqjUPL4AAAD
error: Nuevo Cliente Conectado - Socket -> jyRClG-vKc7yhNsEAAAF
error: Nuevo Cliente Conectado - Socket -> OFI0IfyegTENFOSxAAAH
error: Nuevo Cliente Conectado - Socket -> Ea0ik6D_1p1TI8iRAAAJ
error: Nuevo Cliente Conectado - Socket -> LUCYGCAC6pyZNb1wAAAL
error: Nuevo Cliente Conectado - Socket -> _hhez6gACWRJOUyRAAAN
error: Nuevo Cliente Conectado - Socket -> xYGh2OL4a-IQImkXAAAP
error: Nuevo Cliente Conectado - Socket -> z-v2FpC9p3MrLHeMAAAR
error: Nuevo Cliente Conectado - Socket -> RVJ7czdmirza1wgjAAAT
error: Nuevo Cliente Conectado - Socket -> wNUIWKWj6v16Rup7AAAB
error: Nuevo Cliente Conectado - Socket -> J6N4mjGUXYv7IAIOAAAD
error: Nuevo Cliente Conectado - Socket -> 3QeHwtHi2EdZt5kBAAAF
error: Nuevo Cliente Conectado - Socket -> vufyF9TTh-bmH9HGAAAH
error: Nuevo Cliente Conectado - Socket -> 93l4F7gsaUd82w-NAAAJ
error: Nuevo Cliente Conectado - Socket -> XbW97amXoydLex6XAAAB
error: Nuevo Cliente Conectado - Socket -> _8oMxYie6MAUC7ndAAAD
error: Nuevo Cliente Conectado - Socket -> ePtKYyAb4q6bIgx4AAAF
error: Nuevo Cliente Conectado - Socket -> E62Hjt1uySx7C_ZfAAAH
error: Nuevo Cliente Conectado - Socket -> Bm0syOj08Oto5n9pAAAJ
error: Nuevo Cliente Conectado - Socket -> Z_NY06U6pPRA-TdUAAAL
error: Nuevo Cliente Conectado - Socket -> D8-k8emJ3i1zS101AAAN
error: Nuevo Cliente Conectado - Socket -> AQTtxrFPhi9IQmlZAAAP
error: Nuevo Cliente Conectado - Socket -> yMRF2i9lc1IYE9B4AAAR
error: Nuevo Cliente Conectado - Socket -> ygqshHT8pj5ndYJSAAAT
error: Nuevo Cliente Conectado - Socket -> tQdgp59nK3ou-AbeAAAV
error: Nuevo Cliente Conectado - Socket -> RT9NAF-vK7gUzHm1AAAX
error: Nuevo Cliente Conectado - Socket -> hm6GLxO3XFg-lMRDAAAB
error: Nuevo Cliente Conectado - Socket -> z61_oY21XEUmC5L-AAAB
error: Nuevo Cliente Conectado - Socket -> _bDpqv7CJatNBvibAAAB
error: Nuevo Cliente Conectado - Socket -> PhgKnhSa94VBtT76AAAB
error: Nuevo Cliente Conectado - Socket -> mGIpl2XpU632mniIAAAB
error: Nuevo Cliente Conectado - Socket -> k7Txslr4EFpJElk1AAAB
error: Nuevo Cliente Conectado - Socket -> 18L8j9zcvUi0wCfLAAAD
error: Nuevo Cliente Conectado - Socket -> ChdERG9WoJuB9EQ6AAAF
error: Nuevo Cliente Conectado - Socket -> MjlR_yqCPWI4z9GjAAAB
error: Nuevo Cliente Conectado - Socket -> nre8SHca9zMD0lKsAAAD
error: Nuevo Cliente Conectado - Socket -> v-JwyuJpWJMbullFAAAF
error: Nuevo Cliente Conectado - Socket -> oCDP0RLL3r20JTdsAAAB
error: Nuevo Cliente Conectado - Socket -> JWN3SxNbEa7l_KZiAAAD
error: Nuevo Cliente Conectado - Socket -> U2D8ZlAnohRPKoEzAAAF
error: Nuevo Cliente Conectado - Socket -> DaXq-JsSN8JiKgwyAAAH
error: Nuevo Cliente Conectado - Socket -> OMxoRNFBjjfe62QqAAAJ
error: Nuevo Cliente Conectado - Socket -> Qx3JAKA7h3lmWEJtAAAL
error: Nuevo Cliente Conectado - Socket -> gX9nQXiqCU0tFISJAAAN
error: Nuevo Cliente Conectado - Socket -> owuutIzr8Or_3dpFAAAB
error: Nuevo Cliente Conectado - Socket -> gxWyyFSFfBi8cA5FAAAD
error: Nuevo Cliente Conectado - Socket -> KX11U_rJJH7hWBA2AAAF
error: Nuevo Cliente Conectado - Socket -> X2KdFtOMdz-NVEXsAAAH
error: Nuevo Cliente Conectado - Socket -> QRwIcFT8umyAGUEQAAAJ
error: Nuevo Cliente Conectado - Socket -> jq3XjLRC9QAyBLzxAAAL
error: Nuevo Cliente Conectado - Socket -> ltfEsFCq5KUwQgFAAAAN
error: Nuevo Cliente Conectado - Socket -> D1otW9s0r4fAn5owAAAP
error: Nuevo Cliente Conectado - Socket -> 9dFgEQmrjpA5QyszAAAR
error: Nuevo Cliente Conectado - Socket -> M-PTnXiqPWzTGzWGAAAT
error: Nuevo Cliente Conectado - Socket -> 9CT-JLc9opZKnLEnAAAV
error: Nuevo Cliente Conectado - Socket -> uygVMPBbK5ghdMe_AAAX
error: Nuevo Cliente Conectado - Socket -> R7Dj_dsIEsOT8_mdAAAZ
error: Nuevo Cliente Conectado - Socket -> Ef-_rUuPPhdbuhJEAAAb
error: Nuevo Cliente Conectado - Socket -> MuoD6mYw72hTi99RAAAd
error: Nuevo Cliente Conectado - Socket -> etj38Z8OjCkux40KAAAf
error: Nuevo Cliente Conectado - Socket -> WHxKlnBnzXNQZzRKAAAh
error: Nuevo Cliente Conectado - Socket -> 3dP8aOY_3-3MlxpcAAAj
error: Nuevo Cliente Conectado - Socket -> RPoxNRRhDPz5QsRqAAAl
error: Nuevo Cliente Conectado - Socket -> xAl58vcmj2Ub58EwAAAn
error: Nuevo Cliente Conectado - Socket -> BwzDhzH-vG59EQ_XAAAp
error: Nuevo Cliente Conectado - Socket -> qatbI21a0LXtgnAwAAAr
error: Nuevo Cliente Conectado - Socket -> 4gTgkDxZPbT4M1m-AAAt
error: Nuevo Cliente Conectado - Socket -> POUrTe8Fvg4Z7N07AAAv
error: Nuevo Cliente Conectado - Socket -> kfExXywWPidzFyr0AAAx
error: Nuevo Cliente Conectado - Socket -> BhHwr9ek31YAUqO-AAAz
error: Nuevo Cliente Conectado - Socket -> P8AxEIrMhDDKLcPvAAA1
error: Nuevo Cliente Conectado - Socket -> QEXmgtDNiq2MGduiAAA3
error: Nuevo Cliente Conectado - Socket -> yolVUKWx0FEjcP8OAAA5
error: Nuevo Cliente Conectado - Socket -> _mRjAGQjmejESrAQAAA7
error: Nuevo Cliente Conectado - Socket -> LQLGUAOdW2sb34LzAAA9
error: Nuevo Cliente Conectado - Socket -> uxexXbH86f16YMCtAAAB
error: Nuevo Cliente Conectado - Socket -> 8wODE0Jcbp9S_KZoAAAD
error: Nuevo Cliente Conectado - Socket -> geGNZooAUjMoNuQDAAAF
error: Nuevo Cliente Conectado - Socket -> Z-2mmRjLLGUMkclgAAAH
error: Nuevo Cliente Conectado - Socket -> GKRuevZ8afVglES9AAAJ
error: Nuevo Cliente Conectado - Socket -> 4jB1ozn6Fd7Y8YrIAAAL
error: Nuevo Cliente Conectado - Socket -> joy1mU-cR5x3kNGRAAAN
error: Nuevo Cliente Conectado - Socket -> _nYzvkStoBQ5FVyXAAAP
error: Nuevo Cliente Conectado - Socket -> XwBsBpfAPbrps_dpAAAB
error: Nuevo Cliente Conectado - Socket -> e3oWFE1oixtA7HlcAAAD
error: Nuevo Cliente Conectado - Socket -> yNJ86N0Sl12fyTbKAAAF
error: Nuevo Cliente Conectado - Socket -> v5c6jzwj4VMFCcbsAAAB
error: Nuevo Cliente Conectado - Socket -> NMLljq_f8wjUUAHkAAAD
error: Nuevo Cliente Conectado - Socket -> jCXx-Tvdvgh-e8wtAAAF
error: Nuevo Cliente Conectado - Socket -> M3lFaBE9gG9GVdXRAAAB
error: Nuevo Cliente Conectado - Socket -> YQ1c1tFGtAwmCSOnAAAD
error: Nuevo Cliente Conectado - Socket -> _hgpxT-JiWuNOZzMAAAF
error: Nuevo Cliente Conectado - Socket -> bsUsh9VDlOmZjY4lAAAB
error: Nuevo Cliente Conectado - Socket -> HlNXlH9WsOFkHLiJAAAD
error: Nuevo Cliente Conectado - Socket -> d184lrfaJRqZfz7iAAAF
error: Nuevo Cliente Conectado - Socket -> Tz5eIyIMEwEllg5UAAAH
error: Nuevo Cliente Conectado - Socket -> GR8ZOiDQi39eSoB_AAAJ
error: Nuevo Cliente Conectado - Socket -> R_YigZjDT3cyAHLAAAAL
error: Nuevo Cliente Conectado - Socket -> F6nXUUDhTM7loIUmAAAN
error: Nuevo Cliente Conectado - Socket -> Gxy50hIsy6glG64eAAAP
error: Nuevo Cliente Conectado - Socket -> T11qh5yb-xsXbMngAAAR
error: Nuevo Cliente Conectado - Socket -> Ny2D7XTTN3YTKRcRAAAT
error: Nuevo Cliente Conectado - Socket -> Gj-NpmdCLSX9plXEAAAB
error: Nuevo Cliente Conectado - Socket -> 8sjU9REp9x3EAQHIAAAB
error: Nuevo Cliente Conectado - Socket -> ZdyHejgJfZi4Fv16AAAD
error: Nuevo Cliente Conectado - Socket -> 6qkreFTsReu-ZVZPAAAF
error: Nuevo Cliente Conectado - Socket -> KdhEvQYbNvpYJKiMAAAB
error: Nuevo Cliente Conectado - Socket -> hgAEhIpll6S42f8MAAAB
error: Nuevo Cliente Conectado - Socket -> MSTyqF2BhPIZkHT5AAAB
error: Nuevo Cliente Conectado - Socket -> CeU6kve9zEfLi4ZuAAAD
error: Nuevo Cliente Conectado - Socket -> 9aSDUfE3QYsSFTGtAAAF
error: Nuevo Cliente Conectado - Socket -> pqoAgkT-qIHNjDbdAAAH
error: Nuevo Cliente Conectado - Socket -> ynVgI7r9fuMbnK-cAAAJ
error: Nuevo Cliente Conectado - Socket -> 7GGME8vmOGdEFi6aAAAL
error: Nuevo Cliente Conectado - Socket -> TJuwQ2sYPUZM-1gyAAAN
error: Nuevo Cliente Conectado - Socket -> UtPdZe2_yAKNCVJGAAAP
